2024-02-02 23:09:25,396 - auth_logger - INFO - User Login - NOY3HC
2024-02-02 23:09:25,396 - auth_logger - INFO - Login Success - NOY3HC
2024-02-23 23:10:22,412 - auth_logger - INFO - User Login - NOY3HC
2024-02-23 23:10:22,426 - auth_logger - INFO - Login Success - NOY3HC
2024-02-23 23:11:30,245 - auth_logger - INFO - User Login - NOY3HC
2024-02-23 23:11:30,245 - auth_logger - INFO - Login Success - NOY3HC
2024-02-23 23:13:20,011 - auth_logger - INFO - User Login - NOY3HC
2024-02-23 23:13:20,011 - auth_logger - INFO - User Login Failed In Authentication - NOY3HC
2024-02-23 23:13:29,590 - auth_logger - INFO - User Login - NOY3HC
2024-02-23 23:13:29,590 - auth_logger - INFO - Login Success - NOY3HC
2024-02-23 23:14:02,506 - auth_logger - INFO - User Login - NOY3HC@
2024-02-23 23:14:02,506 - auth_logger - INFO - User Login Failed In Authentication - NOY3HC@
2024-02-23 23:14:13,174 - auth_logger - INFO - User Login - NOY3HC
2024-02-23 23:14:13,174 - auth_logger - INFO - User Login Failed In Authentication - NOY3HC
2024-02-23 23:14:18,792 - auth_logger - INFO - User Login - NOY3HC2
2024-02-23 23:14:18,792 - auth_logger - INFO - User Login Failed In Authentication - NOY3HC2
2024-02-25 21:57:22,166 - auth_logger - INFO - User Login - NOY3HC
2024-02-25 21:57:22,168 - auth_logger - INFO - Login Success - NOY3HC
2024-09-05 18:20:52,943 - auth_logger - INFO - User Created - huynmn
2024-09-05 18:21:18,975 - auth_logger - INFO - User Login - huynmn
2024-09-05 18:21:18,975 - auth_logger - INFO - Login Success - huynmn
2024-09-05 18:21:55,811 - auth_logger - INFO - User Login - huynmn
2024-09-05 18:21:55,811 - auth_logger - INFO - Login Success - huynmn
